<?xml version="1.0" encoding="UTF-8"?>
<!-- Generated by org.testng.reporters.JUnitReportReporter -->
<testsuite hostname="RCJ" failures="0" tests="1" name="Scripts.TestCase1" time="41.125" errors="0" timestamp="2023-09-06T10:50:41 IST" skipped="0">
  <testcase classname="Scripts.TestCase1" name="tc1" time="41.125"/>
</testsuite> <!-- Scripts.TestCase1 -->
